  Application.cpp
C:\Users\raulc\Desktop\Project_1\Project_7_Handout\Source\Animation.h(54,19): warning C4244: 'initializing': conversion from 'const float' to 'int', possible loss of data
C:\Users\raulc\Desktop\Project_1\Project_7_Handout\Source\Animation.h(56,30): warning C4244: '=': conversion from 'float' to 'int', possible loss of data
  Collider.cpp
  Enemy.cpp
C:\Users\raulc\Desktop\Project_1\Project_7_Handout\Source\Animation.h(54,19): warning C4244: 'initializing': conversion from 'const float' to 'int', possible loss of data
C:\Users\raulc\Desktop\Project_1\Project_7_Handout\Source\Animation.h(56,30): warning C4244: '=': conversion from 'float' to 'int', possible loss of data
  Enemy_BrownShip.cpp
C:\Users\raulc\Desktop\Project_1\Project_7_Handout\Source\Animation.h(54,19): warning C4244: 'initializing': conversion from 'const float' to 'int', possible loss of data
C:\Users\raulc\Desktop\Project_1\Project_7_Handout\Source\Animation.h(56,30): warning C4244: '=': conversion from 'float' to 'int', possible loss of data
  Enemy_RedBird.cpp
C:\Users\raulc\Desktop\Project_1\Project_7_Handout\Source\Animation.h(54,19): warning C4244: 'initializing': conversion from 'const float' to 'int', possible loss of data
C:\Users\raulc\Desktop\Project_1\Project_7_Handout\Source\Animation.h(56,30): warning C4244: '=': conversion from 'float' to 'int', possible loss of data
C:\Users\raulc\Desktop\Project_1\Project_7_Handout\Source\Enemy_RedBird.cpp(27,26): warning C4244: '=': conversion from 'float' to 'TYPE', possible loss of data
          with
          [
              TYPE=int
          ]
  Globals.cpp
  ModuleAudio.cpp
  ModuleCollisions.cpp
  ModuleEnemies.cpp
C:\Users\raulc\Desktop\Project_1\Project_7_Handout\Source\Animation.h(54,19): warning C4244: 'initializing': conversion from 'const float' to 'int', possible loss of data
C:\Users\raulc\Desktop\Project_1\Project_7_Handout\Source\Animation.h(56,30): warning C4244: '=': conversion from 'float' to 'int', possible loss of data
  ModuleParticles.cpp
C:\Users\raulc\Desktop\Project_1\Project_7_Handout\Source\Animation.h(54,19): warning C4244: 'initializing': conversion from 'const float' to 'int', possible loss of data
C:\Users\raulc\Desktop\Project_1\Project_7_Handout\Source\Animation.h(56,30): warning C4244: '=': conversion from 'float' to 'int', possible loss of data
  ModuleScene.cpp
C:\Users\raulc\Desktop\Project_1\Project_7_Handout\Source\Animation.h(54,19): warning C4244: 'initializing': conversion from 'const float' to 'int', possible loss of data
C:\Users\raulc\Desktop\Project_1\Project_7_Handout\Source\Animation.h(56,30): warning C4244: '=': conversion from 'float' to 'int', possible loss of data
  ModuleInput.cpp
  ModulePlayer.cpp
C:\Users\raulc\Desktop\Project_1\Project_7_Handout\Source\Animation.h(54,19): warning C4244: 'initializing': conversion from 'const float' to 'int', possible loss of data
C:\Users\raulc\Desktop\Project_1\Project_7_Handout\Source\Animation.h(56,30): warning C4244: '=': conversion from 'float' to 'int', possible loss of data
  ModuleRender.cpp
  ModuleTextures.cpp
  ModuleWindow.cpp
  Main.cpp
  Module.cpp
  Particle.cpp
C:\Users\raulc\Desktop\Project_1\Project_7_Handout\Source\Animation.h(54,19): warning C4244: 'initializing': conversion from 'const float' to 'int', possible loss of data
C:\Users\raulc\Desktop\Project_1\Project_7_Handout\Source\Animation.h(56,30): warning C4244: '=': conversion from 'float' to 'int', possible loss of data
C:\Users\raulc\Desktop\Project_1\Project_7_Handout\Source\Particle.cpp(39,19): warning C4018: '>=': signed/unsigned mismatch
  Path.cpp
C:\Users\raulc\Desktop\Project_1\Project_7_Handout\Source\Animation.h(54,19): warning C4244: 'initializing': conversion from 'const float' to 'int', possible loss of data
C:\Users\raulc\Desktop\Project_1\Project_7_Handout\Source\Animation.h(56,30): warning C4244: '=': conversion from 'float' to 'int', possible loss of data
  Generating Code...
  Project_7_Handout.vcxproj -> C:\Users\raulc\Desktop\Project_1\Debug\Project_7_Handout.exe
