c:\users\alexg\desktop\project_1\project_7_handout\source\release\vc142.pdb
c:\users\alexg\desktop\project_1\project_7_handout\source\release\modulewindow.obj
c:\users\alexg\desktop\project_1\project_7_handout\source\release\moduletextures.obj
c:\users\alexg\desktop\project_1\project_7_handout\source\release\modulescreenfirst.obj
c:\users\alexg\desktop\project_1\project_7_handout\source\release\modulescenewin.obj
c:\users\alexg\desktop\project_1\project_7_handout\source\release\modulesceneintro.obj
c:\users\alexg\desktop\project_1\project_7_handout\source\release\modulescenegameover.obj
c:\users\alexg\desktop\project_1\project_7_handout\source\release\modulerender.obj
c:\users\alexg\desktop\project_1\project_7_handout\source\release\moduleplayer.obj
c:\users\alexg\desktop\project_1\project_7_handout\source\release\moduleinput.obj
c:\users\alexg\desktop\project_1\project_7_handout\source\release\modulescene.obj
c:\users\alexg\desktop\project_1\project_7_handout\source\release\moduleparticles.obj
c:\users\alexg\desktop\project_1\project_7_handout\source\release\moduleenemies.obj
c:\users\alexg\desktop\project_1\project_7_handout\source\release\modulecollisions.obj
c:\users\alexg\desktop\project_1\project_7_handout\source\release\modulechangescene.obj
c:\users\alexg\desktop\project_1\project_7_handout\source\release\moduleaudio.obj
c:\users\alexg\desktop\project_1\project_7_handout\source\release\globals.obj
c:\users\alexg\desktop\project_1\project_7_handout\source\release\enemy_reddemon.obj
c:\users\alexg\desktop\project_1\project_7_handout\source\release\enemy.obj
c:\users\alexg\desktop\project_1\project_7_handout\source\release\collider.obj
c:\users\alexg\desktop\project_1\project_7_handout\source\release\application.obj
c:\users\alexg\desktop\project_1\project_7_handout\source\release\path.obj
c:\users\alexg\desktop\project_1\project_7_handout\source\release\particle.obj
c:\users\alexg\desktop\project_1\project_7_handout\source\release\module.obj
c:\users\alexg\desktop\project_1\project_7_handout\source\release\main.obj
c:\users\alexg\desktop\project_1\release\project_7_handout.exe
c:\users\alexg\desktop\project_1\release\project_7_handout.pdb
c:\users\alexg\desktop\project_1\release\project_7_handout.ipdb
c:\users\alexg\desktop\project_1\release\project_7_handout.iobj
c:\users\alexg\desktop\project_1\project_7_handout\source\release\project_.f00b105c.tlog\cl.command.1.tlog
c:\users\alexg\desktop\project_1\project_7_handout\source\release\project_.f00b105c.tlog\cl.read.1.tlog
c:\users\alexg\desktop\project_1\project_7_handout\source\release\project_.f00b105c.tlog\cl.write.1.tlog
c:\users\alexg\desktop\project_1\project_7_handout\source\release\project_.f00b105c.tlog\link.command.1.tlog
c:\users\alexg\desktop\project_1\project_7_handout\source\release\project_.f00b105c.tlog\link.read.1.tlog
c:\users\alexg\desktop\project_1\project_7_handout\source\release\project_.f00b105c.tlog\link.write.1.tlog
c:\users\alexg\desktop\project_1\project_7_handout\source\release\project_.f00b105c.tlog\project_7_handout.write.1u.tlog
